0 info it worked if it ends with ok
1 verbose cli [ 'C:\\Program Files\\nodejs\\node.exe',
1 verbose cli   'C:\\Program Files\\nodejs\\node_modules\\npm\\bin\\npm-cli.js',
1 verbose cli   'version',
1 verbose cli   'patch' ]
2 info using npm@2.15.1
3 info using node@v4.4.4
4 info git [ 'status', '--porcelain' ]
5 verbose stack Error: Git working directory not clean.
5 verbose stack M orion/client/index.html
5 verbose stack M orion/package.json
5 verbose stack M orion/server/DAO/ModalDao.js
5 verbose stack M orion/server/DAO/UserDao.js
5 verbose stack M orion/server/DAO/db-config.js
5 verbose stack M orion/server/services/UserService/UserServiceImpl.js
5 verbose stack     at C:\Program Files\nodejs\node_modules\npm\lib\version.js:171:21
5 verbose stack     at ChildProcess.exithandler (child_process.js:204:7)
5 verbose stack     at emitTwo (events.js:87:13)
5 verbose stack     at ChildProcess.emit (events.js:172:7)
5 verbose stack     at maybeClose (internal/child_process.js:827:16)
5 verbose stack     at Socket.<anonymous> (internal/child_process.js:319:11)
5 verbose stack     at emitOne (events.js:77:13)
5 verbose stack     at Socket.emit (events.js:169:7)
5 verbose stack     at Pipe._onclose (net.js:477:12)
6 verbose cwd E:\nodeWorkspace\company\orion
7 error Windows_NT 6.2.9200
8 error argv "C:\\Program Files\\nodejs\\node.exe" "C:\\Program Files\\nodejs\\node_modules\\npm\\bin\\npm-cli.js" "version" "patch"
9 error node v4.4.4
10 error npm  v2.15.1
11 error Git working directory not clean.
11 error M orion/client/index.html
11 error M orion/package.json
11 error M orion/server/DAO/ModalDao.js
11 error M orion/server/DAO/UserDao.js
11 error M orion/server/DAO/db-config.js
11 error M orion/server/services/UserService/UserServiceImpl.js
12 error If you need help, you may report this error at:
12 error     <https://github.com/npm/npm/issues>
13 verbose exit [ 1, true ]
